#
# There is insufficient memory for the Java Runtime Environment to continue.
# Native memory allocation (malloc) failed to allocate 1177616 bytes for Chunk::new
# Possible reasons:
#   The system is out of physical RAM or swap space
#   The process is running with CompressedOops enabled, and the Java Heap may be blocking the growth of the native heap
# Possible solutions:
#   Reduce memory load on the system
#   Increase physical memory or swap space
#   Check if swap backing store is full
#   Decrease Java heap size (-Xmx/-Xms)
#   Decrease number of Java threads
#   Decrease Java thread stack sizes (-Xss)
#   Set larger code cache with -XX:ReservedCodeCacheSize=
#   JVM is running with Unscaled Compressed Oops mode in which the Java heap is
#     placed in the first 4GB address space. The Java Heap base address is the
#     maximum limit for the native heap growth. Please use -XX:HeapBaseMinAddress
#     to set the Java Heap base and to place the Java Heap above 4GB virtual address.
# This output file may be truncated or incomplete.
#
#  Out of Memory Error (src/hotspot/share/memory/arena.cpp:197), pid=1848, tid=4568
#
# JRE version: OpenJDK Runtime Environment (11.0.15) (build 11.0.15+0-b2043.56-9505619)
# Java VM: OpenJDK 64-Bit Server VM (11.0.15+0-b2043.56-9505619, mixed mode, tiered, compressed oops, g1 gc, windows-amd64)
# No core dump will be written. Minidumps are not enabled by default on client versions of Windows
#

---------------  S U M M A R Y ------------

Command Line: --add-opens=java.base/java.util=ALL-UNNAMED --add-opens=java.base/java.lang=ALL-UNNAMED --add-opens=java.base/java.lang.invoke=ALL-UNNAMED --add-opens=java.base/java.util=ALL-UNNAMED --add-opens=java.prefs/java.util.prefs=ALL-UNNAMED --add-opens=java.prefs/java.util.prefs=ALL-UNNAMED --add-opens=java.base/java.nio.charset=ALL-UNNAMED --add-opens=java.base/java.net=ALL-UNNAMED --add-opens=java.base/java.util.concurrent.atomic=ALL-UNNAMED -Xmx2048m -Dfile.encoding=UTF-8 -Duser.country=IN -Duser.language=en -Duser.variant org.gradle.launcher.daemon.bootstrap.GradleDaemon 7.5

Host: Intel(R) Core(TM) i3-1005G1 CPU @ 1.20GHz, 4 cores, 3G,  Windows 11 , 64 bit Build 22000 (10.0.22000.1516)
Time: Sat Mar 11 20:30:18 2023 India Standard Time elapsed time: 165.952952 seconds (0d 0h 2m 45s)

---------------  T H R E A D  ---------------

Current thread (0x00000253fab8a800):  JavaThread "C2 CompilerThread0" daemon [_thread_in_native, id=4568, stack(0x000000bbd0e00000,0x000000bbd0f00000)]


Current CompileTask:
C2: 165968 2032       4       javax.management.ObjectName::construct (1135 bytes)

Stack: [0x000000bbd0e00000,0x000000bbd0f00000]
Native frames: (J=compiled Java code, j=interpreted, Vv=VM code, C=native code)
V  [jvm.dll+0x64135a]
V  [jvm.dll+0x7d39f9]
V  [jvm.dll+0x7d51b9]
V  [jvm.dll+0x7d58a3]
V  [jvm.dll+0x2691c5]
V  [jvm.dll+0xc1a5c]
V  [jvm.dll+0xc200c]
V  [jvm.dll+0x3774a7]
V  [jvm.dll+0x1b3914]
V  [jvm.dll+0x22163e]
V  [jvm.dll+0x220498]
V  [jvm.dll+0x19e851]
V  [jvm.dll+0x230479]
V  [jvm.dll+0x22e5ef]
V  [jvm.dll+0x794de1]
V  [jvm.dll+0x78dc24]
V  [jvm.dll+0x6400f6]
C  [ucrtbase.dll+0x26c0c]
C  [KERNEL32.DLL+0x155a0]
C  [ntdll.dll+0x485b]


---------------  P R O C E S S  ---------------

Threads class SMR info:
_java_thread_list=0x00000253fcd99ef0, length=21, elements={
0x00000253ef613800, 0x00000253fa202000, 0x00000253fa20d000, 0x00000253fab84800,
0x00000253fab85800, 0x00000253fab86800, 0x00000253fab8a800, 0x00000253fab8f000,
0x00000253fa263800, 0x00000253facd6000, 0x00000253fccba800, 0x00000253fb086800,
0x00000253fc2be800, 0x00000253fb722000, 0x00000253fc52d000, 0x00000253fb085800,
0x00000253fc16e800, 0x00000253fb721000, 0x00000253faff1000, 0x00000253fc150000,
0x00000253fc151800
}

Java Threads: ( => current thread )
  0x00000253ef613800 JavaThread "main" [_thread_blocked, id=6916, stack(0x000000bbd0200000,0x000000bbd0300000)]
  0x00000253fa202000 JavaThread "Reference Handler" daemon [_thread_blocked, id=8028, stack(0x000000bbd0900000,0x000000bbd0a00000)]
  0x00000253fa20d000 JavaThread "Finalizer" daemon [_thread_blocked, id=4576, stack(0x000000bbd0a00000,0x000000bbd0b00000)]
  0x00000253fab84800 JavaThread "Signal Dispatcher" daemon [_thread_blocked, id=3200, stack(0x000000bbd0b00000,0x000000bbd0c00000)]
  0x00000253fab85800 JavaThread "Attach Listener" daemon [_thread_blocked, id=3260, stack(0x000000bbd0c00000,0x000000bbd0d00000)]
  0x00000253fab86800 JavaThread "Service Thread" daemon [_thread_blocked, id=5620, stack(0x000000bbd0d00000,0x000000bbd0e00000)]
=>0x00000253fab8a800 JavaThread "C2 CompilerThread0" daemon [_thread_in_native, id=4568, stack(0x000000bbd0e00000,0x000000bbd0f00000)]
  0x00000253fab8f000 JavaThread "C1 CompilerThread0" daemon [_thread_blocked, id=6944, stack(0x000000bbd0f00000,0x000000bbd1000000)]
  0x00000253fa263800 JavaThread "Sweeper thread" daemon [_thread_blocked, id=3632, stack(0x000000bbd1000000,0x000000bbd1100000)]
  0x00000253facd6000 JavaThread "Common-Cleaner" daemon [_thread_blocked, id=4856, stack(0x000000bbd1100000,0x000000bbd1200000)]
  0x00000253fccba800 JavaThread "Daemon health stats" [_thread_blocked, id=1496, stack(0x000000bbd1400000,0x000000bbd1500000)]
  0x00000253fb086800 JavaThread "Incoming local TCP Connector on port 49851" [_thread_in_native, id=10044, stack(0x000000bbd0000000,0x000000bbd0100000)]
  0x00000253fc2be800 JavaThread "Daemon periodic checks" [_thread_blocked, id=9604, stack(0x000000bbd0100000,0x000000bbd0200000)]
  0x00000253fb722000 JavaThread "Daemon" [_thread_blocked, id=2800, stack(0x000000bbd1700000,0x000000bbd1800000)]
  0x00000253fc52d000 JavaThread "Handler for socket connection from /127.0.0.1:49851 to /127.0.0.1:49860" [_thread_in_native, id=4376, stack(0x000000bbd1800000,0x000000bbd1900000)]
  0x00000253fb085800 JavaThread "Cancel handler" [_thread_blocked, id=10084, stack(0x000000bbd1b00000,0x000000bbd1c00000)]
  0x00000253fc16e800 JavaThread "Daemon worker" [_thread_blocked, id=4136, stack(0x000000bbd1c00000,0x000000bbd1d00000)]
  0x00000253fb721000 JavaThread "Asynchronous log dispatcher for DefaultDaemonConnection: socket connection from /127.0.0.1:49851 to /127.0.0.1:49860" [_thread_blocked, id=5604, stack(0x000000bbd1d00000,0x000000bbd1e00000)]
  0x00000253faff1000 JavaThread "Daemon client event forwarder" [_thread_blocked, id=2052, stack(0x000000bbd1f00000,0x000000bbd2000000)]
  0x00000253fc150000 JavaThread "Cache worker for journal cache (C:\Users\hp\.gradle\caches\journal-1)" [_thread_blocked, id=8224, stack(0x000000bbcff00000,0x000000bbd0000000)]
  0x00000253fc151800 JavaThread "File lock request listener" [_thread_in_native, id=980, stack(0x000000bbd2000000,0x000000bbd2100000)]

Other Threads:
  0x00000253fa1ff800 VMThread "VM Thread" [stack: 0x000000bbd0800000,0x000000bbd0900000] [id=1304]
  0x00000253facfe000 WatcherThread [stack: 0x000000bbd1200000,0x000000bbd1300000] [id=6576]
  0x00000253ef62d000 GCTaskThread "GC Thread#0" [stack: 0x000000bbd0300000,0x000000bbd0400000] [id=5316]
  0x00000253fb0d5800 GCTaskThread "GC Thread#1" [stack: 0x000000bbd1300000,0x000000bbd1400000] [id=1600]
  0x00000253fcb75000 GCTaskThread "GC Thread#2" [stack: 0x000000bbd1500000,0x000000bbd1600000] [id=8720]
  0x00000253fb933800 GCTaskThread "GC Thread#3" [stack: 0x000000bbd1600000,0x000000bbd1700000] [id=6184]
  0x00000253ef65e800 ConcurrentGCThread "G1 Main Marker" [stack: 0x000000bbd0400000,0x000000bbd0500000] [id=6828]
  0x00000253ef660800 ConcurrentGCThread "G1 Conc#0" [stack: 0x000000bbd0500000,0x000000bbd0600000] [id=6792]
  0x00000253ef6b9800 ConcurrentGCThread "G1 Refine#0" [stack: 0x000000bbd0600000,0x000000bbd0700000] [id=7284]
  0x00000253ef6bc800 ConcurrentGCThread "G1 Young RemSet Sampling" [stack: 0x000000bbd0700000,0x000000bbd0800000] [id=7020]

Threads with active compile tasks:
C2 CompilerThread0   180296 2032       4       javax.management.ObjectName::construct (1135 bytes)

VM state:at safepoint (normal execution)

VM Mutex/Monitor currently owned by a thread:  ([mutex/lock_event])
[0x00000253ef60fdf0] Threads_lock - owner thread: 0x00000253fa1ff800
[0x00000253ef6128b0] Heap_lock - owner thread: 0x00000253fc16e800

Heap address: 0x0000000080000000, size: 2048 MB, Compressed Oops mode: 32-bit
Narrow klass base: 0x0000000000000000, Narrow klass shift: 3
Compressed class space size: 1073741824 Address: 0x0000000100000000

Heap:
 garbage-first heap   total 63488K, used 40497K [0x0000000080000000, 0x0000000100000000)
  region size 1024K, 27 young (27648K), 2 survivors (2048K)
 Metaspace       used 19168K, capacity 19563K, committed 19840K, reserved 1067008K
  class space    used 2242K, capacity 2353K, committed 2432K, reserved 1048576K
Heap Regions: E=young(eden), S=young(survivor), O=old, HS=humongous(starts), HC=humongous(continues), CS=collection set, F=free, A=archive, TAMS=top-at-mark-start (previous, next)
|   0|0x0000000080000000, 0x0000000080100000, 0x0000000080100000|100%|HS|  |TAMS 0x0000000080000000, 0x0000000080000000| Complete 
|   1|0x0000000080100000, 0x0000000080200000, 0x0000000080200000|100%|HC|  |TAMS 0x0000000080100000, 0x0000000080100000| Complete 
|   2|0x0000000080200000, 0x0000000080300000, 0x0000000080300000|100%|HC|  |TAMS 0x0000000080200000, 0x0000000080200000| Complete 
|   3|0x0000000080300000, 0x0000000080400000, 0x0000000080400000|100%| O|  |TAMS 0x0000000080300000, 0x0000000080300000| Untracked 
|   4|0x0000000080400000, 0x0000000080500000, 0x0000000080500000|100%| O|  |TAMS 0x0000000080400000, 0x0000000080400000| Untracked 
|   5|0x0000000080500000, 0x0000000080600000, 0x0000000080600000|100%| O|  |TAMS 0x0000000080500000, 0x0000000080500000| Untracked 
|   6|0x0000000080600000, 0x0000000080700000, 0x0000000080700000|100%| O|  |TAMS 0x0000000080600000, 0x0000000080600000| Untracked 
|   7|0x0000000080700000, 0x0000000080800000, 0x0000000080800000|100%| O|  |TAMS 0x0000000080700000, 0x0000000080700000| Untracked 
|   8|0x0000000080800000, 0x0000000080900000, 0x0000000080900000|100%| O|  |TAMS 0x0000000080800000, 0x0000000080800000| Untracked 
|   9|0x0000000080900000, 0x0000000080a00000, 0x0000000080a00000|100%| O|  |TAMS 0x0000000080900000, 0x0000000080900000| Untracked 
|  10|0x0000000080a00000, 0x0000000080b00000, 0x0000000080b00000|100%| O|  |TAMS 0x0000000080a00000, 0x0000000080a00000| Untracked 
|  11|0x0000000080b00000, 0x0000000080c00000, 0x0000000080c00000|100%| O|  |TAMS 0x0000000080b00000, 0x0000000080b00000| Untracked 
|  12|0x0000000080c00000, 0x0000000080d00000, 0x0000000080d00000|100%| O|  |TAMS 0x0000000080c00000, 0x0000000080c00000| Untracked 
|  13|0x0000000080d00000, 0x0000000080e00000, 0x0000000080e00000|100%| O|  |TAMS 0x0000000080d00000, 0x0000000080d00000| Untracked 
|  14|0x0000000080e00000, 0x0000000080eb5c00, 0x0000000080f00000| 70%| O|  |TAMS 0x0000000080e00000, 0x0000000080e00000| Untracked 
|  15|0x0000000080f00000, 0x0000000080f00000, 0x0000000081000000|  0%| F|  |TAMS 0x0000000080f00000, 0x0000000080f00000| Untracked 
|  16|0x0000000081000000, 0x0000000081000000, 0x0000000081100000|  0%| F|  |TAMS 0x0000000081000000, 0x0000000081000000| Untracked 
|  17|0x0000000081100000, 0x0000000081100000, 0x0000000081200000|  0%| F|  |TAMS 0x0000000081100000, 0x0000000081100000| Untracked 
|  18|0x0000000081200000, 0x0000000081200000, 0x0000000081300000|  0%| F|  |TAMS 0x0000000081200000, 0x0000000081200000| Untracked 
|  19|0x0000000081300000, 0x0000000081300000, 0x0000000081400000|  0%| F|  |TAMS 0x0000000081300000, 0x0000000081300000| Untracked 
|  20|0x0000000081400000, 0x0000000081400000, 0x0000000081500000|  0%| F|  |TAMS 0x0000000081400000, 0x0000000081400000| Untracked 
|  21|0x0000000081500000, 0x0000000081500000, 0x0000000081600000|  0%| F|  |TAMS 0x0000000081500000, 0x0000000081500000| Untracked 
|  22|0x0000000081600000, 0x0000000081600000, 0x0000000081700000|  0%| F|  |TAMS 0x0000000081600000, 0x0000000081600000| Untracked 
|  23|0x0000000081700000, 0x0000000081700000, 0x0000000081800000|  0%| F|  |TAMS 0x0000000081700000, 0x0000000081700000| Untracked 
|  24|0x0000000081800000, 0x0000000081800000, 0x0000000081900000|  0%| F|  |TAMS 0x0000000081800000, 0x0000000081800000| Untracked 
|  25|0x0000000081900000, 0x0000000081900000, 0x0000000081a00000|  0%| F|  |TAMS 0x0000000081900000, 0x0000000081900000| Untracked 
|  26|0x0000000081a00000, 0x0000000081a00000, 0x0000000081b00000|  0%| F|  |TAMS 0x0000000081a00000, 0x0000000081a00000| Untracked 
|  27|0x0000000081b00000, 0x0000000081b00000, 0x0000000081c00000|  0%| F|  |TAMS 0x0000000081b00000, 0x0000000081b00000| Untracked 
|  28|0x0000000081c00000, 0x0000000081d00000, 0x0000000081d00000|100%| E|CS|TAMS 0x0000000081c00000, 0x0000000081c00000| Complete 
|  29|0x0000000081d00000, 0x0000000081e00000, 0x0000000081e00000|100%| E|CS|TAMS 0x0000000081d00000, 0x0000000081d00000| Complete 
|  30|0x0000000081e00000, 0x0000000081f00000, 0x0000000081f00000|100%| E|CS|TAMS 0x0000000081e00000, 0x0000000081e00000| Complete 
|  31|0x0000000081f00000, 0x0000000082000000, 0x0000000082000000|100%| E|CS|TAMS 0x0000000081f00000, 0x0000000081f00000| Complete 
|  32|0x0000000082000000, 0x0000000082000000, 0x0000000082100000|  0%| F|  |TAMS 0x0000000082000000, 0x0000000082000000| Untracked 
|  33|0x0000000082100000, 0x0000000082100000, 0x0000000082200000|  0%| F|  |TAMS 0x0000000082100000, 0x0000000082100000| Untracked 
|  34|0x0000000082200000, 0x0000000082200000, 0x0000000082300000|  0%| F|  |TAMS 0x0000000082200000, 0x0000000082200000| Untracked 
|  35|0x0000000082300000, 0x0000000082398dd8, 0x0000000082400000| 59%| S|  |TAMS 0x0000000082300000, 0x0000000082300000| Complete 
|  36|0x0000000082400000, 0x0000000082500000, 0x0000000082500000|100%| S|  |TAMS 0x0000000082400000, 0x0000000082400000| Complete 
|  37|0x0000000082500000, 0x0000000082600000, 0x0000000082600000|100%| E|CS|TAMS 0x0000000082500000, 0x0000000082500000| Complete 
|  38|0x0000000082600000, 0x0000000082700000, 0x0000000082700000|100%| E|CS|TAMS 0x0000000082600000, 0x0000000082600000| Complete 
|  39|0x0000000082700000, 0x0000000082800000, 0x0000000082800000|100%| E|CS|TAMS 0x0000000082700000, 0x0000000082700000| Complete 
|  40|0x0000000082800000, 0x0000000082900000, 0x0000000082900000|100%| E|CS|TAMS 0x0000000082800000, 0x0000000082800000| Complete 
|  41|0x0000000082900000, 0x0000000082a00000, 0x0000000082a00000|100%| E|CS|TAMS 0x0000000082900000, 0x0000000082900000| Complete 
|  42|0x0000000082a00000, 0x0000000082b00000, 0x0000000082b00000|100%| E|CS|TAMS 0x0000000082a00000, 0x0000000082a00000| Complete 
|  43|0x0000000082b00000, 0x0000000082c00000, 0x0000000082c00000|100%| E|CS|TAMS 0x0000000082b00000, 0x0000000082b00000| Complete 
|  44|0x0000000082c00000, 0x0000000082d00000, 0x0000000082d00000|100%| E|CS|TAMS 0x0000000082c00000, 0x0000000082c00000| Complete 
|  45|0x0000000082d00000, 0x0000000082e00000, 0x0000000082e00000|100%| E|CS|TAMS 0x0000000082d00000, 0x0000000082d00000| Complete 
|  46|0x0000000082e00000, 0x0000000082f00000, 0x0000000082f00000|100%| E|CS|TAMS 0x0000000082e00000, 0x0000000082e00000| Complete 
|  47|0x0000000082f00000, 0x0000000083000000, 0x0000000083000000|100%| E|CS|TAMS 0x0000000082f00000, 0x0000000082f00000| Complete 
|  48|0x0000000083000000, 0x0000000083100000, 0x0000000083100000|100%| E|CS|TAMS 0x0000000083000000, 0x0000000083000000| Complete 
|  49|0x0000000083100000, 0x0000000083200000, 0x0000000083200000|100%| E|CS|TAMS 0x0000000083100000, 0x0000000083100000| Complete 
|  50|0x0000000083200000, 0x0000000083300000, 0x0000000083300000|100%| E|CS|TAMS 0x0000000083200000, 0x0000000083200000| Complete 
|  51|0x0000000083300000, 0x0000000083400000, 0x0000000083400000|100%| E|CS|TAMS 0x0000000083300000, 0x0000000083300000| Complete 
|  52|0x0000000083400000, 0x0000000083500000, 0x0000000083500000|100%| E|CS|TAMS 0x0000000083400000, 0x0000000083400000| Complete 
|  53|0x0000000083500000, 0x0000000083600000, 0x0000000083600000|100%| E|CS|TAMS 0x0000000083500000, 0x0000000083500000| Complete 
|  54|0x0000000083600000, 0x0000000083700000, 0x0000000083700000|100%| E|CS|TAMS 0x0000000083600000, 0x0000000083600000| Complete 
|  55|0x0000000083700000, 0x0000000083800000, 0x0000000083800000|100%| E|CS|TAMS 0x0000000083700000, 0x0000000083700000| Complete 
|  56|0x0000000083800000, 0x0000000083900000, 0x0000000083900000|100%| E|CS|TAMS 0x0000000083800000, 0x0000000083800000| Complete 
|  57|0x0000000083900000, 0x0000000083a00000, 0x0000000083a00000|100%| E|CS|TAMS 0x0000000083900000, 0x0000000083900000| Complete 
|  58|0x0000000083a00000, 0x0000000083b00000, 0x0000000083b00000|100%| E|CS|TAMS 0x0000000083a00000, 0x0000000083a00000| Complete 
|  59|0x0000000083b00000, 0x0000000083c00000, 0x0000000083c00000|100%| E|CS|TAMS 0x0000000083b00000, 0x0000000083b00000| Complete 
|  60|0x0000000083c00000, 0x0000000083d00000, 0x0000000083d00000|100%| E|CS|TAMS 0x0000000083c00000, 0x0000000083c00000| Complete 
|  61|0x0000000083d00000, 0x0000000083e00000, 0x0000000083e00000|100%| E|CS|TAMS 0x0000000083d00000, 0x0000000083d00000| Complete 

Card table byte_map: [0x00000253f3540000,0x00000253f3940000] _byte_map_base: 0x00000253f3140000

Marking Bits (Prev, Next): (CMBitMap*) 0x00000253ef6559c8, (CMBitMap*) 0x00000253ef655a00
 Prev Bits: [0x00000253f3d40000, 0x00000253f5d40000)
 Next Bits: [0x00000253f5d40000, 0x00000253f7d40000)

Polling page: 0x00000253eedf0000

Metaspace:

Usage:
  Non-class:     16.81 MB capacity,    16.53 MB ( 98%) used,   252.02 KB (  1%) free+waste,    32.38 KB ( <1%) overhead. 
      Class:      2.30 MB capacity,     2.19 MB ( 95%) used,    95.10 KB (  4%) free+waste,    15.44 KB ( <1%) overhead. 
       Both:     19.10 MB capacity,    18.72 MB ( 98%) used,   347.12 KB (  2%) free+waste,    47.81 KB ( <1%) overhead. 

Virtual space:
  Non-class space:       18.00 MB reserved,      17.00 MB ( 94%) committed 
      Class space:        1.00 GB reserved,       2.38 MB ( <1%) committed 
             Both:        1.02 GB reserved,      19.38 MB (  2%) committed 

Chunk freelists:
   Non-Class:  6.00 KB
       Class:  15.00 KB
        Both:  21.00 KB

MaxMetaspaceSize: 17179869184.00 GB
CompressedClassSpaceSize: 1.00 GB
Initial GC threshold: 20.80 MB
Current GC threshold: 20.80 MB
CDS: off

CodeHeap 'non-profiled nmethods': size=120064Kb used=950Kb max_used=950Kb free=119113Kb
 bounds [0x0000025387ac0000, 0x0000025387d30000, 0x000002538f000000]
CodeHeap 'profiled nmethods': size=120000Kb used=4349Kb max_used=4349Kb free=115650Kb
 bounds [0x0000025380590000, 0x00000253809d0000, 0x0000025387ac0000]
CodeHeap 'non-nmethods': size=5696Kb used=1210Kb max_used=1224Kb free=4485Kb
 bounds [0x0000025380000000, 0x0000025380270000, 0x0000025380590000]
 total_blobs=2549 nmethods=2081 adapters=380
 compilation: enabled
              stopped_count=0, restarted_count=0
 full_count=0

Compilation events (20 events):
Event: 143.345 Thread 0x00000253fab8f000 2025       3       java.lang.ThreadLocal$ThreadLocalMap::nextIndex (15 bytes)
Event: 143.346 Thread 0x00000253fab8f000 nmethod 2025 0x00000253809b2190 code [0x00000253809b2340, 0x00000253809b2478]
Event: 143.348 Thread 0x00000253fab8a800 nmethod 2024 0x0000025387ba9990 code [0x0000025387ba9b20, 0x0000025387ba9df8]
Event: 144.171 Thread 0x00000253fab8f000 2026       3       java.util.regex.ASCII::isType (15 bytes)
Event: 144.172 Thread 0x00000253fab8f000 nmethod 2026 0x00000253809b2510 code [0x00000253809b26e0, 0x00000253809b28f8]
Event: 144.172 Thread 0x00000253fab8f000 2027       3       java.util.regex.ASCII::getType (17 bytes)
Event: 144.172 Thread 0x00000253fab8f000 nmethod 2027 0x00000253809b2a10 code [0x00000253809b2bc0, 0x00000253809b2d38]
Event: 144.368 Thread 0x00000253fab8f000 2028       3       java.lang.invoke.MethodHandles$Lookup::<init> (15 bytes)
Event: 144.369 Thread 0x00000253fab8f000 nmethod 2028 0x00000253809b2e10 code [0x00000253809b2fc0, 0x00000253809b3178]
Event: 147.633 Thread 0x00000253fab8a800 2029       4       java.util.concurrent.locks.AbstractQueuedSynchronizer::release (33 bytes)
Event: 148.844 Thread 0x00000253fab8a800 

Event: 148.844 Thread 0x00000253fab8a800 2030       4       java.util.concurrent.locks.ReentrantLock$Sync::nonfairTryAcquire (67 bytes)
Event: 149.120 Thread 0x00000253fab8a800 nmethod 2030 0x0000025387ba9e90 code [0x0000025387baa020, 0x0000025387baa1b8]
Event: 149.120 Thread 0x00000253fab8a800 2031       4       java.util.concurrent.locks.ReentrantLock$Sync::tryRelease (45 bytes)
Event: 149.121 Thread 0x00000253fab8a800 nmethod 2031 0x0000025387baa290 code [0x0000025387baa420, 0x0000025387baa518]
Event: 150.426 Thread 0x00000253fab8a800 2032       4       javax.management.ObjectName::construct (1135 bytes)
Event: 155.618 Thread 0x00000253fab8f000 2033       3       java.util.stream.AbstractPipeline::evaluate (94 bytes)
Event: 155.618 Thread 0x00000253fab8f000 nmethod 2033 0x00000253809b3210 code [0x00000253809b3440, 0x00000253809b3aa8]
Event: 156.415 Thread 0x00000253fab8f000 2037       3       java.util.concurrent.locks.AbstractQueuedSynchronizer$ConditionObject::signal (33 bytes)
Event: 156.415 Thread 0x00000253fab8f000 nmethod 2037 0x00000253809b3c90 code [0x00000253809b3e80, 0x00000253809b41a8]

GC Heap History (8 events):
Event: 16.340 GC heap before
{Heap before GC invocations=0 (full 0):
 garbage-first heap   total 63488K, used 16384K [0x0000000080000000, 0x0000000100000000)
  region size 1024K, 14 young (14336K), 0 survivors (0K)
 Metaspace       used 6749K, capacity 6929K, committed 7168K, reserved 1056768K
  class space    used 571K, capacity 650K, committed 768K, reserved 1048576K
}
Event: 16.350 GC heap after
{Heap after GC invocations=1 (full 0):
 garbage-first heap   total 63488K, used 4347K [0x0000000080000000, 0x0000000100000000)
  region size 1024K, 2 young (2048K), 2 survivors (2048K)
 Metaspace       used 6749K, capacity 6929K, committed 7168K, reserved 1056768K
  class space    used 571K, capacity 650K, committed 768K, reserved 1048576K
}
Event: 23.658 GC heap before
{Heap before GC invocations=1 (full 0):
 garbage-first heap   total 63488K, used 19707K [0x0000000080000000, 0x0000000100000000)
  region size 1024K, 14 young (14336K), 2 survivors (2048K)
 Metaspace       used 10295K, capacity 10499K, committed 10624K, reserved 1058816K
  class space    used 1054K, capacity 1141K, committed 1152K, reserved 1048576K
}
Event: 23.665 GC heap after
{Heap after GC invocations=2 (full 0):
 garbage-first heap   total 63488K, used 9293K [0x0000000080000000, 0x0000000100000000)
  region size 1024K, 2 young (2048K), 2 survivors (2048K)
 Metaspace       used 10295K, capacity 10499K, committed 10624K, reserved 1058816K
  class space    used 1054K, capacity 1141K, committed 1152K, reserved 1048576K
}
Event: 31.393 GC heap before
{Heap before GC invocations=2 (full 0):
 garbage-first heap   total 63488K, used 32845K [0x0000000080000000, 0x0000000100000000)
  region size 1024K, 26 young (26624K), 2 survivors (2048K)
 Metaspace       used 11262K, capacity 11455K, committed 11520K, reserved 1058816K
  class space    used 1155K, capacity 1246K, committed 1280K, reserved 1048576K
}
Event: 31.405 GC heap after
{Heap after GC invocations=3 (full 0):
 garbage-first heap   total 63488K, used 11077K [0x0000000080000000, 0x0000000100000000)
  region size 1024K, 4 young (4096K), 4 survivors (4096K)
 Metaspace       used 11262K, capacity 11455K, committed 11520K, reserved 1058816K
  class space    used 1155K, capacity 1246K, committed 1280K, reserved 1048576K
}
Event: 55.119 GC heap before
{Heap before GC invocations=3 (full 0):
 garbage-first heap   total 63488K, used 37701K [0x0000000080000000, 0x0000000100000000)
  region size 1024K, 30 young (30720K), 4 survivors (4096K)
 Metaspace       used 14541K, capacity 14856K, committed 15104K, reserved 1062912K
  class space    used 1618K, capacity 1720K, committed 1792K, reserved 1048576K
}
Event: 55.156 GC heap after
{Heap after GC invocations=4 (full 0):
 garbage-first heap   total 63488K, used 14897K [0x0000000080000000, 0x0000000100000000)
  region size 1024K, 4 young (4096K), 4 survivors (4096K)
 Metaspace       used 14541K, capacity 14856K, committed 15104K, reserved 1062912K
  class space    used 1618K, capacity 1720K, committed 1792K, reserved 1048576K
}

Deoptimization events (20 events):
Event: 88.383 Thread 0x00000253fb086800 Uncommon trap: trap_request=0xffffffc6 fr.pc=0x0000025387b36bd4 relative=0x0000000000000114
Event: 88.383 Thread 0x00000253fb086800 Uncommon trap: reason=bimorphic_or_optimized_type_check action=maybe_recompile pc=0x0000025387b36bd4 method=java.util.AbstractList$Itr.next()Ljava/lang/Object; @ 14 c2
Event: 88.383 Thread 0x00000253fb086800 DEOPT PACKING pc=0x0000025387b36bd4 sp=0x000000bbd00fdfa0
Event: 88.383 Thread 0x00000253fb086800 DEOPT UNPACKING pc=0x00000253800085af sp=0x000000bbd00fdf38 mode 2
Event: 109.884 Thread 0x00000253fc16e800 Uncommon trap: trap_request=0xffffffc6 fr.pc=0x0000025387b37e34 relative=0x0000000000000d74
Event: 109.884 Thread 0x00000253fc16e800 Uncommon trap: reason=bimorphic_or_optimized_type_check action=maybe_recompile pc=0x0000025387b37e34 method=java.util.HashMap.putVal(ILjava/lang/Object;Ljava/lang/Object;ZZ)Ljava/lang/Object; @ 253 c2
Event: 109.884 Thread 0x00000253fc16e800 DEOPT PACKING pc=0x0000025387b37e34 sp=0x000000bbd1cfed00
Event: 109.884 Thread 0x00000253fc16e800 DEOPT UNPACKING pc=0x00000253800085af sp=0x000000bbd1cfeca0 mode 2
Event: 109.950 Thread 0x00000253fc16e800 Uncommon trap: trap_request=0xffffffc6 fr.pc=0x0000025387b37e34 relative=0x0000000000000d74
Event: 109.950 Thread 0x00000253fc16e800 Uncommon trap: reason=bimorphic_or_optimized_type_check action=maybe_recompile pc=0x0000025387b37e34 method=java.util.HashMap.putVal(ILjava/lang/Object;Ljava/lang/Object;ZZ)Ljava/lang/Object; @ 253 c2
Event: 109.950 Thread 0x00000253fc16e800 DEOPT PACKING pc=0x0000025387b37e34 sp=0x000000bbd1cfedf0
Event: 109.950 Thread 0x00000253fc16e800 DEOPT UNPACKING pc=0x00000253800085af sp=0x000000bbd1cfed90 mode 2
Event: 138.349 Thread 0x00000253fc16e800 Uncommon trap: trap_request=0xffffffde fr.pc=0x0000025387ad8c2c relative=0x000000000000038c
Event: 138.349 Thread 0x00000253fc16e800 Uncommon trap: reason=class_check action=maybe_recompile pc=0x0000025387ad8c2c method=java.util.regex.Matcher.match(II)Z @ 121 c2
Event: 138.570 Thread 0x00000253fc16e800 DEOPT PACKING pc=0x0000025387ad8c2c sp=0x000000bbd1cfc320
Event: 138.570 Thread 0x00000253fc16e800 DEOPT UNPACKING pc=0x00000253800085af sp=0x000000bbd1cfc2e0 mode 2
Event: 144.170 Thread 0x00000253fc16e800 Uncommon trap: trap_request=0xffffffde fr.pc=0x0000025387ad8c2c relative=0x000000000000038c
Event: 144.170 Thread 0x00000253fc16e800 Uncommon trap: reason=class_check action=maybe_recompile pc=0x0000025387ad8c2c method=java.util.regex.Matcher.match(II)Z @ 121 c2
Event: 144.170 Thread 0x00000253fc16e800 DEOPT PACKING pc=0x0000025387ad8c2c sp=0x000000bbd1cfbf50
Event: 144.170 Thread 0x00000253fc16e800 DEOPT UNPACKING pc=0x00000253800085af sp=0x000000bbd1cfbf10 mode 2

Classes redefined (0 events):
No events

Internal exceptions (19 events):
Event: 7.663 Thread 0x00000253ef613800 Exception <a 'java/lang/NoSuchMethodError'{0x0000000083b131c0}: 'int java.lang.invoke.DirectMethodHandle$Holder.invokeStaticInit(java.lang.Object, java.lang.Object)'> (0x0000000083b131c0) thrown at [src/hotspot/share/interpreter/linkResolver.cpp, line 773]
Event: 8.024 Thread 0x00000253ef613800 Exception <a 'java/lang/NoSuchMethodError'{0x0000000083be2230}: 'int java.lang.invoke.DirectMethodHandle$Holder.invokeSpecial(java.lang.Object, java.lang.Object, java.lang.Object, java.lang.Object)'> (0x0000000083be2230) thrown at [src/hotspot/share/interpreter/linkResolver.cpp, line 773]
Event: 8.049 Thread 0x00000253ef613800 Exception <a 'java/lang/NoSuchMethodError'{0x0000000083a1a4f8}: 'int java.lang.invoke.DirectMethodHandle$Holder.invokeSpecialIFC(java.lang.Object, java.lang.Object, int)'> (0x0000000083a1a4f8) thrown at [src/hotspot/share/interpreter/linkResolver.cpp, line 773]
Event: 17.130 Thread 0x00000253ef613800 Exception <a 'java/lang/NoClassDefFoundError'{0x0000000083cbf460}: org/slf4j/impl/StaticMarkerBinder> (0x0000000083cbf460) thrown at [src/hotspot/share/classfile/systemDictionary.cpp, line 219]
Event: 19.657 Thread 0x00000253ef613800 Exception <a 'java/lang/NoSuchMethodError'{0x0000000083802bd0}: 'java.lang.Object java.lang.invoke.DirectMethodHandle$Holder.invokeVirtual(java.lang.Object, java.lang.Object, java.lang.Object, java.lang.Object, java.lang.Object, java.lang.Object, java.lang.Object)'> (0x0000000083802bd0) thrown at [src/hotspot/share/interpreter/linkResolver.cpp, line 773]
Event: 19.682 Thread 0x00000253ef613800 Exception <a 'java/lang/NoSuchMethodError'{0x0000000083817628}: 'java.lang.Object java.lang.invoke.Invokers$Holder.invoker(java.lang.Object, java.lang.Object, java.lang.Object)'> (0x0000000083817628) thrown at [src/hotspot/share/interpreter/linkResolver.cpp, line 773]
Event: 19.785 Thread 0x00000253ef613800 Exception <a 'java/lang/NoSuchMethodError'{0x00000000838286a0}: 'void java.lang.invoke.DelegatingMethodHandle$Holder.delegate(java.lang.Object, java.lang.Object, int, java.lang.Object)'> (0x00000000838286a0) thrown at [src/hotspot/share/interpreter/linkResolver.cpp, line 773]
Event: 35.105 Thread 0x00000253ef613800 Exception <a 'java/security/PrivilegedActionException'{0x0000000083929f78}> (0x0000000083929f78) thrown at [src/hotspot/share/prims/jvm.cpp, line 1306]
Event: 35.105 Thread 0x00000253ef613800 Exception <a 'java/security/PrivilegedActionException'{0x000000008392a4f0}> (0x000000008392a4f0) thrown at [src/hotspot/share/prims/jvm.cpp, line 1306]
Event: 49.372 Thread 0x00000253ef613800 Exception <a 'java/lang/NoSuchMethodError'{0x0000000082817cb0}: 'java.lang.Object java.lang.invoke.DirectMethodHandle$Holder.invokeStaticInit(java.lang.Object, java.lang.Object, java.lang.Object)'> (0x0000000082817cb0) thrown at [src/hotspot/share/interpreter/linkResolver.cpp, line 773]
Event: 56.374 Thread 0x00000253ef613800 Exception <a 'java/lang/NoSuchMethodError'{0x0000000083c944c8}: 'java.lang.Object java.lang.invoke.DirectMethodHandle$Holder.invokeStaticInit(java.lang.Object, int, int, int, int)'> (0x0000000083c944c8) thrown at [src/hotspot/share/interpreter/linkResolver.cpp, line 773]
Event: 69.493 Thread 0x00000253ef613800 Exception <a 'java/lang/NoSuchMethodError'{0x0000000083b5f5e8}: 'java.lang.Object java.lang.invoke.DirectMethodHandle$Holder.invokeStaticInit(java.lang.Object, java.lang.Object, int, int, int, int)'> (0x0000000083b5f5e8) thrown at [src/hotspot/share/interpreter/linkResolver.cpp, line 773]
Event: 78.094 Thread 0x00000253ef613800 Exception <a 'java/io/IOException'{0x00000000839949d0}> (0x00000000839949d0) thrown at [src/hotspot/share/prims/jni.cpp, line 617]
Event: 113.192 Thread 0x00000253fc16e800 Exception <a 'java/lang/NoSuchMethodError'{0x00000000833ccf88}: 'long java.lang.invoke.DirectMethodHandle$Holder.invokeInterface(java.lang.Object, java.lang.Object)'> (0x00000000833ccf88) thrown at [src/hotspot/share/interpreter/linkResolver.cpp, line 773]
Event: 113.219 Thread 0x00000253fc16e800 Exception <a 'java/lang/NoSuchMethodError'{0x00000000833da298}: 'void java.lang.invoke.DelegatingMethodHandle$Holder.reinvoke_L(java.lang.Object, java.lang.Object, java.lang.Object, java.lang.Object, java.lang.Object, java.lang.Object, java.lang.Object)'> (0x00000000833da298) thrown at [src/hotspot/share/interpreter/linkResolver.cpp, line 773]
Event: 143.332 Thread 0x00000253fc16e800 Exception <a 'java/lang/NoSuchMethodError'{0x0000000082a442d8}: 'void java.lang.invoke.DirectMethodHandle$Holder.invokeStaticInit(java.lang.Object)'> (0x0000000082a442d8) thrown at [src/hotspot/share/interpreter/linkResolver.cpp, line 773]
Event: 155.873 Thread 0x00000253fc16e800 Exception <a 'java/lang/NoSuchMethodError'{0x0000000082afef78}: 'java.lang.Object java.lang.invoke.DirectMethodHandle$Holder.invokeStatic(java.lang.Object, java.lang.Object, java.lang.Object, int)'> (0x0000000082afef78) thrown at [src/hotspot/share/interpreter/linkResolver.cpp, line 773]
Event: 155.873 Thread 0x00000253fc16e800 Exception <a 'java/lang/NoSuchMethodError'{0x0000000082923d18}: 'java.lang.Object java.lang.invoke.DirectMethodHandle$Holder.invokeSpecial(java.lang.Object, java.lang.Object, java.lang.Object, java.lang.Object, int)'> (0x0000000082923d18) thrown at [src/hotspot/share/interpreter/linkResolver.cpp, line 773]
Event: 155.874 Thread 0x00000253fc16e800 Exception <a 'java/lang/NoSuchMethodError'{0x0000000082927700}: 'java.lang.Object java.lang.invoke.Invokers$Holder.linkToTargetMethod(java.lang.Object, java.lang.Object, int, java.lang.Object)'> (0x0000000082927700) thrown at [src/hotspot/share/interpreter/linkResolver.cpp, line 773]

Events (20 events):
Event: 159.546 loading class com/google/common/cache/LocalCache$EntryFactory$6
Event: 159.546 loading class com/google/common/cache/LocalCache$EntryFactory$6 done
Event: 159.547 loading class com/google/common/cache/LocalCache$EntryFactory$7
Event: 159.547 loading class com/google/common/cache/LocalCache$EntryFactory$7 done
Event: 159.547 loading class com/google/common/cache/LocalCache$EntryFactory$8
Event: 159.547 loading class com/google/common/cache/LocalCache$EntryFactory$8 done
Event: 159.549 loading class com/google/common/cache/AbstractCache$SimpleStatsCounter
Event: 159.549 loading class com/google/common/cache/AbstractCache$SimpleStatsCounter done
Event: 159.609 loading class com/google/common/cache/LongAddables
Event: 159.609 loading class com/google/common/cache/LongAddables done
Event: 159.610 loading class com/google/common/cache/LongAdder
Event: 159.610 loading class com/google/common/cache/LongAdder done
Event: 159.611 loading class com/google/common/cache/LongAddable
Event: 159.611 loading class com/google/common/cache/LongAddable done
Event: 159.611 loading class com/google/common/cache/Striped64
Event: 159.611 loading class com/google/common/cache/Striped64 done
Event: 159.946 loading class sun/misc/Unsafe
Event: 160.829 loading class sun/misc/Unsafe done
Event: 160.831 loading class com/google/common/cache/Striped64$1
Event: 160.831 loading class com/google/common/cache/Striped64$1 done


Dynamic libraries:
0x00007ff6522e0000 - 0x00007ff6522ea000 	C:\Program Files\Android\Android Studio\jbr\bin\java.exe
0x00007ffecc980000 - 0x00007ffeccb89000 	C:\WINDOWS\SYSTEM32\ntdll.dll
0x00007ffecac80000 - 0x00007ffecad3e000 	C:\WINDOWS\System32\KERNEL32.DLL
0x00007ffeca180000 - 0x00007ffeca4fc000 	C:\WINDOWS\System32\KERNELBASE.dll
0x00007ffec3b10000 - 0x00007ffec3b2b000 	C:\Program Files\Android\Android Studio\jbr\bin\VCRUNTIME140.dll
0x00007ffec3840000 - 0x00007ffec3857000 	C:\Program Files\Android\Android Studio\jbr\bin\jli.dll
0x00007ffec9ff0000 - 0x00007ffeca101000 	C:\WINDOWS\System32\ucrtbase.dll
0x00007ffecb350000 - 0x00007ffecb4fd000 	C:\WINDOWS\System32\USER32.dll
0x00007ffeca7d0000 - 0x00007ffeca7f6000 	C:\WINDOWS\System32\win32u.dll
0x00007ffecc7f0000 - 0x00007ffecc819000 	C:\WINDOWS\System32\GDI32.dll
0x00007ffec9e50000 - 0x00007ffec9f68000 	C:\WINDOWS\System32\gdi32full.dll
0x00007ffeca730000 - 0x00007ffeca7cd000 	C:\WINDOWS\System32\msvcp_win.dll
0x00007ffeacd20000 - 0x00007ffeacfc5000 	C:\WINDOWS\WinSxS\amd64_microsoft.windows.common-controls_6595b64144ccf1df_6.0.22000.120_none_9d947278b86cc467\COMCTL32.dll
0x00007ffecb140000 - 0x00007ffecb1e3000 	C:\WINDOWS\System32\msvcrt.dll
0x00007ffecc1e0000 - 0x00007ffecc212000 	C:\WINDOWS\System32\IMM32.DLL
0x00007ffec3800000 - 0x00007ffec380c000 	C:\Program Files\Android\Android Studio\jbr\bin\vcruntime140_1.dll
0x00007ffea8890000 - 0x00007ffea891d000 	C:\Program Files\Android\Android Studio\jbr\bin\msvcp140.dll
0x00007ffe82b30000 - 0x00007ffe836ec000 	C:\Program Files\Android\Android Studio\jbr\bin\server\jvm.dll
0x00007ffecb090000 - 0x00007ffecb13e000 	C:\WINDOWS\System32\ADVAPI32.dll
0x00007ffeca930000 - 0x00007ffeca9ce000 	C:\WINDOWS\System32\sechost.dll
0x00007ffeca810000 - 0x00007ffeca930000 	C:\WINDOWS\System32\RPCRT4.dll
0x00007ffebee90000 - 0x00007ffebeec3000 	C:\WINDOWS\SYSTEM32\WINMM.dll
0x00007ffec0840000 - 0x00007ffec084a000 	C:\WINDOWS\SYSTEM32\VERSION.dll
0x00007ffecac40000 - 0x00007ffecac48000 	C:\WINDOWS\System32\PSAPI.DLL
0x00007ffea7f10000 - 0x00007ffea7f19000 	C:\WINDOWS\SYSTEM32\WSOCK32.dll
0x00007ffecc720000 - 0x00007ffecc78f000 	C:\WINDOWS\System32\ws2_32.DLL
0x00007ffec8ed0000 - 0x00007ffec8ee8000 	C:\WINDOWS\SYSTEM32\kernel.appcore.dll
0x00007ffe8cc60000 - 0x00007ffe8cc70000 	C:\Program Files\Android\Android Studio\jbr\bin\verify.dll
0x00007ffec4490000 - 0x00007ffec46b1000 	C:\WINDOWS\SYSTEM32\DBGHELP.DLL
0x00007ffea9ec0000 - 0x00007ffea9ef1000 	C:\WINDOWS\SYSTEM32\dbgcore.DLL
0x00007ffec9f70000 - 0x00007ffec9fef000 	C:\WINDOWS\System32\bcryptPrimitives.dll
0x00007ffe89080000 - 0x00007ffe890a8000 	C:\Program Files\Android\Android Studio\jbr\bin\java.dll
0x00007ffe87c40000 - 0x00007ffe87c4a000 	C:\Program Files\Android\Android Studio\jbr\bin\jimage.dll
0x00007ffe87c20000 - 0x00007ffe87c38000 	C:\Program Files\Android\Android Studio\jbr\bin\zip.dll
0x00007ffecb5f0000 - 0x00007ffecbdb5000 	C:\WINDOWS\System32\SHELL32.dll
0x00007ffec8030000 - 0x00007ffec8895000 	C:\WINDOWS\SYSTEM32\windows.storage.dll
0x00007ffecbdc0000 - 0x00007ffecc138000 	C:\WINDOWS\System32\combase.dll
0x00007ffec7dd0000 - 0x00007ffec7f36000 	C:\WINDOWS\SYSTEM32\wintypes.dll
0x00007ffecb260000 - 0x00007ffecb34a000 	C:\WINDOWS\System32\SHCORE.dll
0x00007ffecb030000 - 0x00007ffecb08d000 	C:\WINDOWS\System32\shlwapi.dll
0x00007ffec9d80000 - 0x00007ffec9da1000 	C:\WINDOWS\SYSTEM32\profapi.dll
0x00007ffe87c00000 - 0x00007ffe87c19000 	C:\Program Files\Android\Android Studio\jbr\bin\net.dll
0x00007ffec0230000 - 0x00007ffec0344000 	C:\WINDOWS\SYSTEM32\WINHTTP.dll
0x00007ffec9370000 - 0x00007ffec93d7000 	C:\WINDOWS\system32\mswsock.dll
0x00007ffe87be0000 - 0x00007ffe87bf3000 	C:\Program Files\Android\Android Studio\jbr\bin\nio.dll
0x00007ffec3b30000 - 0x00007ffec3b57000 	C:\Users\hp\.gradle\native\e1d6ef7f7dcc3fd88c89a11ec53ec762bb8ba0a96d01ffa2cd45eb1d1d8dd5c5\windows-amd64\native-platform.dll
0x00007ffe9c170000 - 0x00007ffe9c2b4000 	C:\Users\hp\.gradle\native\0d407fdbe67a94daf76414ababcb853783967236a71b16ec16e742cd7a986fd3\windows-amd64\native-platform-file-events.dll
0x00007ffe87bd0000 - 0x00007ffe87bda000 	C:\Program Files\Android\Android Studio\jbr\bin\management.dll
0x00007ffe87bc0000 - 0x00007ffe87bcb000 	C:\Program Files\Android\Android Studio\jbr\bin\management_ext.dll
0x00007ffec95b0000 - 0x00007ffec95c8000 	C:\WINDOWS\SYSTEM32\CRYPTSP.dll
0x00007ffec8e30000 - 0x00007ffec8e65000 	C:\WINDOWS\system32\rsaenh.dll
0x00007ffec9460000 - 0x00007ffec9489000 	C:\WINDOWS\SYSTEM32\USERENV.dll
0x00007ffec97b0000 - 0x00007ffec97d7000 	C:\WINDOWS\SYSTEM32\bcrypt.dll
0x00007ffec95d0000 - 0x00007ffec95dc000 	C:\WINDOWS\SYSTEM32\CRYPTBASE.dll
0x00007ffec89f0000 - 0x00007ffec8a1d000 	C:\WINDOWS\SYSTEM32\IPHLPAPI.DLL
0x00007ffecafc0000 - 0x00007ffecafc9000 	C:\WINDOWS\System32\NSI.dll
0x00007ffec0200000 - 0x00007ffec0219000 	C:\WINDOWS\SYSTEM32\dhcpcsvc6.DLL
0x00007ffec0800000 - 0x00007ffec081e000 	C:\WINDOWS\SYSTEM32\dhcpcsvc.DLL
0x00007ffec8a20000 - 0x00007ffec8b08000 	C:\WINDOWS\SYSTEM32\DNSAPI.dll

dbghelp: loaded successfully - version: 4.0.5 - missing functions: none
symbol engine: initialized successfully - sym options: 0x614 - pdb path: .;C:\Program Files\Android\Android Studio\jbr\bin;C:\WINDOWS\SYSTEM32;C:\WINDOWS\WinSxS\amd64_microsoft.windows.common-controls_6595b64144ccf1df_6.0.22000.120_none_9d947278b86cc467;C:\Program Files\Android\Android Studio\jbr\bin\server;C:\Users\hp\.gradle\native\e1d6ef7f7dcc3fd88c89a11ec53ec762bb8ba0a96d01ffa2cd45eb1d1d8dd5c5\windows-amd64;C:\Users\hp\.gradle\native\0d407fdbe67a94daf76414ababcb853783967236a71b16ec16e742cd7a986fd3\windows-amd64

VM Arguments:
jvm_args: --add-opens=java.base/java.util=ALL-UNNAMED --add-opens=java.base/java.lang=ALL-UNNAMED --add-opens=java.base/java.lang.invoke=ALL-UNNAMED --add-opens=java.base/java.util=ALL-UNNAMED --add-opens=java.prefs/java.util.prefs=ALL-UNNAMED --add-opens=java.prefs/java.util.prefs=ALL-UNNAMED --add-opens=java.base/java.nio.charset=ALL-UNNAMED --add-opens=java.base/java.net=ALL-UNNAMED --add-opens=java.base/java.util.concurrent.atomic=ALL-UNNAMED -Xmx2048m -Dfile.encoding=UTF-8 -Duser.country=IN -Duser.language=en -Duser.variant 
java_command: org.gradle.launcher.daemon.bootstrap.GradleDaemon 7.5
java_class_path (initial): C:\Users\hp\.gradle\wrapper\dists\gradle-7.5-bin\f1w0cc9nuo0eivz97x2xlu9sv\gradle-7.5\lib\gradle-launcher-7.5.jar
Launcher Type: SUN_STANDARD

[Global flags]
     intx CICompilerCount                          = 3                                         {product} {ergonomic}
     uint ConcGCThreads                            = 1                                         {product} {ergonomic}
     uint G1ConcRefinementThreads                  = 4                                         {product} {ergonomic}
   size_t G1HeapRegionSize                         = 1048576                                   {product} {ergonomic}
    uintx GCDrainStackTargetSize                   = 64                                        {product} {ergonomic}
   size_t InitialHeapSize                          = 65011712                                  {product} {ergonomic}
   size_t MarkStackSize                            = 4194304                                   {product} {ergonomic}
   size_t MaxHeapSize                              = 2147483648                                {product} {command line}
   size_t MaxNewSize                               = 1287651328                                {product} {ergonomic}
   size_t MinHeapDeltaBytes                        = 1048576                                   {product} {ergonomic}
    uintx NonNMethodCodeHeapSize                   = 5830732                                {pd product} {ergonomic}
    uintx NonProfiledCodeHeapSize                  = 122913754                              {pd product} {ergonomic}
    uintx ProfiledCodeHeapSize                     = 122913754                              {pd product} {ergonomic}
    uintx ReservedCodeCacheSize                    = 251658240                              {pd product} {ergonomic}
     bool SegmentedCodeCache                       = true                                      {product} {ergonomic}
     bool UseCompressedClassPointers               = true                                 {lp64_product} {ergonomic}
     bool UseCompressedOops                        = true                                 {lp64_product} {ergonomic}
     bool UseG1GC                                  = true                                      {product} {ergonomic}
     bool UseLargePagesIndividualAllocation        = false                                  {pd product} {ergonomic}

Logging:
Log output configuration:
 #0: stdout all=warning uptime,level,tags
 #1: stderr all=off uptime,level,tags

Environment Variables:
PATH=C:\Program Files\Common Files\Oracle\Java\javapath;C:\Program Files\Java\jdk-18.0.2.1\bin;C:\Program Files\Git\cmd;C:\Users\hp\AppData\Local\Programs\Python\Python37-32\Scripts\;C:\Users\hp\AppData\Local\Programs\Python\Python37-32\;C:\Users\hp\AppData\Local\Programs\Python\Python39\Scripts\;C:\Users\hp\AppData\Local\Programs\Python\Python39\;C:\Users\hp\AppData\Local\Microsoft\WindowsApps;C:\Users\hp\AppData\Local\Programs\Microsoft VS Code\bin;C:\Users\hp\AppData\Local\GitHubDesktop\bin;C:\src\flutter\bin;
USERNAME=hp
OS=Windows_NT
PROCESSOR_IDENTIFIER=Intel64 Family 6 Model 126 Stepping 5, GenuineIntel



---------------  S Y S T E M  ---------------

OS: Windows 11 , 64 bit Build 22000 (10.0.22000.1516)
OS uptime: 0 days 0:45 hours

CPU:total 4 (initial active 4) (2 cores per cpu, 2 threads per core) family 6 model 126 stepping 5 microcode 0xa6, cmov, cx8, fxsr, mmx, sse, sse2, sse3, ssse3, sse4.1, sse4.2, popcnt, avx, avx2, aes, clmul, erms, 3dnowpref, lzcnt, ht, tsc, tscinvbit, bmi1, bmi2, adx, evex, sha, fma

Memory: 4k page, system-wide physical 3877M (572M free)
TotalPageFile size 8295M (AvailPageFile size 6M)
current process WorkingSet (physical memory assigned to process): 77M, peak: 84M
current process commit charge ("private bytes"): 178M, peak: 179M

vm_info: OpenJDK 64-Bit Server VM (11.0.15+0-b2043.56-9505619) for windows-amd64 JRE (11.0.15+0-b2043.56-9505619), built on Jan 19 2023 02:48:00 by "builduser" with unknown MS VC++:1929

END.
